<?xml version="1.0" encoding="UTF-8"?>
<!-- Generated by org.testng.reporters.JUnitReportReporter -->
<testsuite hostname="nypahe" name="com.examples.FindingMultipleElements" tests="1" failures="0" timestamp="12 Feb 2016 23:37:59 GMT" time="15.919" errors="0">
  <testcase name="testApp" time="15.919" classname="com.examples.FindingMultipleElements"/>
</testsuite> <!-- com.examples.FindingMultipleElements -->
